<?xml version="1.0" encoding="UTF-8"?>
<robot generator="Robot 6.1.1 (Python 3.10.12 on linux)" generated="20231111 12:34:07.148" rpa="false" schemaversion="4">
<suite id="s1" name="Tests" source="/home/imhlassi/ohtu-palautusrepositorio/viikko3/login-robot/src/tests">
<suite id="s1-s1" name="Login" source="/home/imhlassi/ohtu-palautusrepositorio/viikko3/login-robot/src/tests/login.robot">
<test id="s1-s1-t1" name="Login With Correct Credentials" line="6">
<kw name="Create User And Input Login Command" type="SETUP">
<kw name="Create User" library="AppLibrary">
<arg>kalle</arg>
<arg>kalle123</arg>
<status status="PASS" starttime="20231111 12:34:07.167" endtime="20231111 12:34:07.167"/>
</kw>
<kw name="Input Login Command" library="resource">
<kw name="Input" library="AppLibrary">
<arg>login</arg>
<status status="PASS" starttime="20231111 12:34:07.167" endtime="20231111 12:34:07.167"/>
</kw>
<status status="PASS" starttime="20231111 12:34:07.167" endtime="20231111 12:34:07.167"/>
</kw>
<status status="PASS" starttime="20231111 12:34:07.167" endtime="20231111 12:34:07.168"/>
</kw>
<kw name="Input Credentials" library="resource">
<arg>kalle</arg>
<arg>kalle123</arg>
<kw name="Input" library="AppLibrary">
<arg>${username}</arg>
<status status="PASS" starttime="20231111 12:34:07.168" endtime="20231111 12:34:07.168"/>
</kw>
<kw name="Input" library="AppLibrary">
<arg>${password}</arg>
<status status="PASS" starttime="20231111 12:34:07.168" endtime="20231111 12:34:07.168"/>
</kw>
<kw name="Run Application" library="AppLibrary">
<status status="PASS" starttime="20231111 12:34:07.168" endtime="20231111 12:34:07.168"/>
</kw>
<status status="PASS" starttime="20231111 12:34:07.168" endtime="20231111 12:34:07.168"/>
</kw>
<kw name="Output Should Contain" library="AppLibrary">
<arg>Logged in</arg>
<status status="PASS" starttime="20231111 12:34:07.168" endtime="20231111 12:34:07.169"/>
</kw>
<status status="PASS" starttime="20231111 12:34:07.166" endtime="20231111 12:34:07.169"/>
</test>
<test id="s1-s1-t2" name="Login With Incorrect Password" line="10">
<kw name="Create User And Input Login Command" type="SETUP">
<kw name="Create User" library="AppLibrary">
<arg>kalle</arg>
<arg>kalle123</arg>
<status status="PASS" starttime="20231111 12:34:07.169" endtime="20231111 12:34:07.169"/>
</kw>
<kw name="Input Login Command" library="resource">
<kw name="Input" library="AppLibrary">
<arg>login</arg>
<status status="PASS" starttime="20231111 12:34:07.170" endtime="20231111 12:34:07.170"/>
</kw>
<status status="PASS" starttime="20231111 12:34:07.169" endtime="20231111 12:34:07.170"/>
</kw>
<status status="PASS" starttime="20231111 12:34:07.169" endtime="20231111 12:34:07.170"/>
</kw>
<kw name="Input Credentials" library="resource">
<arg>kalle</arg>
<arg>test123</arg>
<kw name="Input" library="AppLibrary">
<arg>${username}</arg>
<status status="PASS" starttime="20231111 12:34:07.170" endtime="20231111 12:34:07.170"/>
</kw>
<kw name="Input" library="AppLibrary">
<arg>${password}</arg>
<status status="PASS" starttime="20231111 12:34:07.170" endtime="20231111 12:34:07.170"/>
</kw>
<kw name="Run Application" library="AppLibrary">
<status status="PASS" starttime="20231111 12:34:07.170" endtime="20231111 12:34:07.170"/>
</kw>
<status status="PASS" starttime="20231111 12:34:07.170" endtime="20231111 12:34:07.170"/>
</kw>
<kw name="Output Should Contain" library="AppLibrary">
<arg>Invalid username or password</arg>
<status status="PASS" starttime="20231111 12:34:07.170" endtime="20231111 12:34:07.171"/>
</kw>
<status status="PASS" starttime="20231111 12:34:07.169" endtime="20231111 12:34:07.171"/>
</test>
<test id="s1-s1-t3" name="Login With Nonexistent Username" line="14">
<kw name="Create User And Input Login Command" type="SETUP">
<kw name="Create User" library="AppLibrary">
<arg>kalle</arg>
<arg>kalle123</arg>
<status status="PASS" starttime="20231111 12:34:07.171" endtime="20231111 12:34:07.171"/>
</kw>
<kw name="Input Login Command" library="resource">
<kw name="Input" library="AppLibrary">
<arg>login</arg>
<status status="PASS" starttime="20231111 12:34:07.171" endtime="20231111 12:34:07.172"/>
</kw>
<status status="PASS" starttime="20231111 12:34:07.171" endtime="20231111 12:34:07.172"/>
</kw>
<status status="PASS" starttime="20231111 12:34:07.171" endtime="20231111 12:34:07.172"/>
</kw>
<kw name="Input Credentials" library="resource">
<arg>testaaja</arg>
<arg>testi123</arg>
<kw name="Input" library="AppLibrary">
<arg>${username}</arg>
<status status="PASS" starttime="20231111 12:34:07.172" endtime="20231111 12:34:07.172"/>
</kw>
<kw name="Input" library="AppLibrary">
<arg>${password}</arg>
<status status="PASS" starttime="20231111 12:34:07.172" endtime="20231111 12:34:07.172"/>
</kw>
<kw name="Run Application" library="AppLibrary">
<status status="PASS" starttime="20231111 12:34:07.172" endtime="20231111 12:34:07.172"/>
</kw>
<status status="PASS" starttime="20231111 12:34:07.172" endtime="20231111 12:34:07.172"/>
</kw>
<kw name="Output Should Contain" library="AppLibrary">
<arg>Invalid username or password</arg>
<status status="PASS" starttime="20231111 12:34:07.172" endtime="20231111 12:34:07.172"/>
</kw>
<status status="PASS" starttime="20231111 12:34:07.171" endtime="20231111 12:34:07.172"/>
</test>
<status status="PASS" starttime="20231111 12:34:07.162" endtime="20231111 12:34:07.173"/>
</suite>
<status status="PASS" starttime="20231111 12:34:07.148" endtime="20231111 12:34:07.173"/>
</suite>
<statistics>
<total>
<stat pass="3" fail="0" skip="0">All Tests</stat>
</total>
<tag>
</tag>
<suite>
<stat pass="3" fail="0" skip="0" id="s1" name="Tests">Tests</stat>
<stat pass="3" fail="0" skip="0" id="s1-s1" name="Login">Tests.Login</stat>
</suite>
</statistics>
<errors>
</errors>
</robot>
