<?xml version="1.0" encoding="UTF-8"?>
<robot generator="Robot 6.1.1 (Python 3.10.12 on linux)" generated="20231111 15:24:11.503" rpa="false" schemaversion="4">
<suite id="s1" name="Tests" source="/home/imhlassi/ohtu-palautusrepositorio/viikko3/login-robot/src/tests">
<suite id="s1-s1" name="Login" source="/home/imhlassi/ohtu-palautusrepositorio/viikko3/login-robot/src/tests/login.robot">
<test id="s1-s1-t1" name="Login With Correct Credentials" line="6">
<kw name="Create User And Input Login Command" type="SETUP">
<kw name="Create User" library="AppLibrary">
<arg>kalle</arg>
<arg>kalle123</arg>
<status status="PASS" starttime="20231111 15:24:11.522" endtime="20231111 15:24:11.522"/>
</kw>
<kw name="Input Login Command" library="resource">
<kw name="Input" library="AppLibrary">
<arg>login</arg>
<status status="PASS" starttime="20231111 15:24:11.523" endtime="20231111 15:24:11.523"/>
</kw>
<status status="PASS" starttime="20231111 15:24:11.522" endtime="20231111 15:24:11.523"/>
</kw>
<status status="PASS" starttime="20231111 15:24:11.522" endtime="20231111 15:24:11.523"/>
</kw>
<kw name="Input Credentials" library="resource">
<arg>kalle</arg>
<arg>kalle123</arg>
<kw name="Input" library="AppLibrary">
<arg>${username}</arg>
<status status="PASS" starttime="20231111 15:24:11.523" endtime="20231111 15:24:11.523"/>
</kw>
<kw name="Input" library="AppLibrary">
<arg>${password}</arg>
<status status="PASS" starttime="20231111 15:24:11.524" endtime="20231111 15:24:11.524"/>
</kw>
<kw name="Run Application" library="AppLibrary">
<status status="PASS" starttime="20231111 15:24:11.524" endtime="20231111 15:24:11.524"/>
</kw>
<status status="PASS" starttime="20231111 15:24:11.523" endtime="20231111 15:24:11.524"/>
</kw>
<kw name="Output Should Contain" library="AppLibrary">
<arg>Logged in</arg>
<status status="PASS" starttime="20231111 15:24:11.524" endtime="20231111 15:24:11.524"/>
</kw>
<status status="PASS" starttime="20231111 15:24:11.522" endtime="20231111 15:24:11.524"/>
</test>
<test id="s1-s1-t2" name="Login With Incorrect Password" line="10">
<kw name="Create User And Input Login Command" type="SETUP">
<kw name="Create User" library="AppLibrary">
<arg>kalle</arg>
<arg>kalle123</arg>
<status status="PASS" starttime="20231111 15:24:11.525" endtime="20231111 15:24:11.525"/>
</kw>
<kw name="Input Login Command" library="resource">
<kw name="Input" library="AppLibrary">
<arg>login</arg>
<status status="PASS" starttime="20231111 15:24:11.525" endtime="20231111 15:24:11.525"/>
</kw>
<status status="PASS" starttime="20231111 15:24:11.525" endtime="20231111 15:24:11.525"/>
</kw>
<status status="PASS" starttime="20231111 15:24:11.524" endtime="20231111 15:24:11.525"/>
</kw>
<kw name="Input Credentials" library="resource">
<arg>kalle</arg>
<arg>test123</arg>
<kw name="Input" library="AppLibrary">
<arg>${username}</arg>
<status status="PASS" starttime="20231111 15:24:11.525" endtime="20231111 15:24:11.526"/>
</kw>
<kw name="Input" library="AppLibrary">
<arg>${password}</arg>
<status status="PASS" starttime="20231111 15:24:11.526" endtime="20231111 15:24:11.526"/>
</kw>
<kw name="Run Application" library="AppLibrary">
<status status="PASS" starttime="20231111 15:24:11.526" endtime="20231111 15:24:11.526"/>
</kw>
<status status="PASS" starttime="20231111 15:24:11.525" endtime="20231111 15:24:11.526"/>
</kw>
<kw name="Output Should Contain" library="AppLibrary">
<arg>Invalid username or password</arg>
<status status="PASS" starttime="20231111 15:24:11.526" endtime="20231111 15:24:11.526"/>
</kw>
<status status="PASS" starttime="20231111 15:24:11.524" endtime="20231111 15:24:11.526"/>
</test>
<test id="s1-s1-t3" name="Login With Nonexistent Username" line="14">
<kw name="Create User And Input Login Command" type="SETUP">
<kw name="Create User" library="AppLibrary">
<arg>kalle</arg>
<arg>kalle123</arg>
<status status="PASS" starttime="20231111 15:24:11.527" endtime="20231111 15:24:11.527"/>
</kw>
<kw name="Input Login Command" library="resource">
<kw name="Input" library="AppLibrary">
<arg>login</arg>
<status status="PASS" starttime="20231111 15:24:11.527" endtime="20231111 15:24:11.527"/>
</kw>
<status status="PASS" starttime="20231111 15:24:11.527" endtime="20231111 15:24:11.527"/>
</kw>
<status status="PASS" starttime="20231111 15:24:11.526" endtime="20231111 15:24:11.527"/>
</kw>
<kw name="Input Credentials" library="resource">
<arg>testaaja</arg>
<arg>testi123</arg>
<kw name="Input" library="AppLibrary">
<arg>${username}</arg>
<status status="PASS" starttime="20231111 15:24:11.527" endtime="20231111 15:24:11.528"/>
</kw>
<kw name="Input" library="AppLibrary">
<arg>${password}</arg>
<status status="PASS" starttime="20231111 15:24:11.528" endtime="20231111 15:24:11.528"/>
</kw>
<kw name="Run Application" library="AppLibrary">
<status status="PASS" starttime="20231111 15:24:11.528" endtime="20231111 15:24:11.528"/>
</kw>
<status status="PASS" starttime="20231111 15:24:11.527" endtime="20231111 15:24:11.528"/>
</kw>
<kw name="Output Should Contain" library="AppLibrary">
<arg>Invalid username or password</arg>
<status status="PASS" starttime="20231111 15:24:11.528" endtime="20231111 15:24:11.528"/>
</kw>
<status status="PASS" starttime="20231111 15:24:11.526" endtime="20231111 15:24:11.528"/>
</test>
<status status="PASS" starttime="20231111 15:24:11.517" endtime="20231111 15:24:11.528"/>
</suite>
<suite id="s1-s2" name="Register" source="/home/imhlassi/ohtu-palautusrepositorio/viikko3/login-robot/src/tests/register.robot">
<test id="s1-s2-t1" name="Register With Valid Username And Password" line="6">
<kw name="Input New Command And Create User" type="SETUP">
<kw name="Create User" library="AppLibrary">
<arg>kalle</arg>
<arg>kalle123</arg>
<status status="PASS" starttime="20231111 15:24:11.531" endtime="20231111 15:24:11.532"/>
</kw>
<kw name="Input New Command" library="resource">
<kw name="Input" library="AppLibrary">
<arg>new</arg>
<status status="PASS" starttime="20231111 15:24:11.532" endtime="20231111 15:24:11.532"/>
</kw>
<status status="PASS" starttime="20231111 15:24:11.532" endtime="20231111 15:24:11.532"/>
</kw>
<status status="PASS" starttime="20231111 15:24:11.531" endtime="20231111 15:24:11.532"/>
</kw>
<kw name="Input Credentials" library="resource">
<arg>testaaja</arg>
<arg>testi123</arg>
<kw name="Input" library="AppLibrary">
<arg>${username}</arg>
<status status="PASS" starttime="20231111 15:24:11.532" endtime="20231111 15:24:11.532"/>
</kw>
<kw name="Input" library="AppLibrary">
<arg>${password}</arg>
<status status="PASS" starttime="20231111 15:24:11.532" endtime="20231111 15:24:11.533"/>
</kw>
<kw name="Run Application" library="AppLibrary">
<status status="PASS" starttime="20231111 15:24:11.533" endtime="20231111 15:24:11.533"/>
</kw>
<status status="PASS" starttime="20231111 15:24:11.532" endtime="20231111 15:24:11.533"/>
</kw>
<kw name="Output Should Contain" library="AppLibrary">
<arg>New user registered</arg>
<status status="PASS" starttime="20231111 15:24:11.533" endtime="20231111 15:24:11.533"/>
</kw>
<status status="PASS" starttime="20231111 15:24:11.531" endtime="20231111 15:24:11.533"/>
</test>
<test id="s1-s2-t2" name="Register With Already Taken Username and Valid Password" line="10">
<kw name="Input New Command And Create User" type="SETUP">
<kw name="Create User" library="AppLibrary">
<arg>kalle</arg>
<arg>kalle123</arg>
<status status="PASS" starttime="20231111 15:24:11.534" endtime="20231111 15:24:11.534"/>
</kw>
<kw name="Input New Command" library="resource">
<kw name="Input" library="AppLibrary">
<arg>new</arg>
<status status="PASS" starttime="20231111 15:24:11.534" endtime="20231111 15:24:11.534"/>
</kw>
<status status="PASS" starttime="20231111 15:24:11.534" endtime="20231111 15:24:11.534"/>
</kw>
<status status="PASS" starttime="20231111 15:24:11.533" endtime="20231111 15:24:11.534"/>
</kw>
<kw name="Input Credentials" library="resource">
<arg>kalle</arg>
<arg>testi123</arg>
<kw name="Input" library="AppLibrary">
<arg>${username}</arg>
<status status="PASS" starttime="20231111 15:24:11.534" endtime="20231111 15:24:11.534"/>
</kw>
<kw name="Input" library="AppLibrary">
<arg>${password}</arg>
<status status="PASS" starttime="20231111 15:24:11.534" endtime="20231111 15:24:11.535"/>
</kw>
<kw name="Run Application" library="AppLibrary">
<status status="PASS" starttime="20231111 15:24:11.535" endtime="20231111 15:24:11.535"/>
</kw>
<status status="PASS" starttime="20231111 15:24:11.534" endtime="20231111 15:24:11.535"/>
</kw>
<kw name="Output Should Contain" library="AppLibrary">
<arg>User with username kalle already exists</arg>
<status status="PASS" starttime="20231111 15:24:11.535" endtime="20231111 15:24:11.535"/>
</kw>
<status status="PASS" starttime="20231111 15:24:11.533" endtime="20231111 15:24:11.535"/>
</test>
<test id="s1-s2-t3" name="Register With Too Short Username And Valid Password" line="14">
<kw name="Input New Command And Create User" type="SETUP">
<kw name="Create User" library="AppLibrary">
<arg>kalle</arg>
<arg>kalle123</arg>
<status status="PASS" starttime="20231111 15:24:11.536" endtime="20231111 15:24:11.536"/>
</kw>
<kw name="Input New Command" library="resource">
<kw name="Input" library="AppLibrary">
<arg>new</arg>
<status status="PASS" starttime="20231111 15:24:11.536" endtime="20231111 15:24:11.536"/>
</kw>
<status status="PASS" starttime="20231111 15:24:11.536" endtime="20231111 15:24:11.536"/>
</kw>
<status status="PASS" starttime="20231111 15:24:11.535" endtime="20231111 15:24:11.536"/>
</kw>
<kw name="Input Credentials" library="resource">
<arg>ab</arg>
<arg>validpass123</arg>
<kw name="Input" library="AppLibrary">
<arg>${username}</arg>
<status status="PASS" starttime="20231111 15:24:11.536" endtime="20231111 15:24:11.537"/>
</kw>
<kw name="Input" library="AppLibrary">
<arg>${password}</arg>
<status status="PASS" starttime="20231111 15:24:11.537" endtime="20231111 15:24:11.537"/>
</kw>
<kw name="Run Application" library="AppLibrary">
<status status="PASS" starttime="20231111 15:24:11.537" endtime="20231111 15:24:11.537"/>
</kw>
<status status="PASS" starttime="20231111 15:24:11.536" endtime="20231111 15:24:11.537"/>
</kw>
<kw name="Output Should Contain" library="AppLibrary">
<arg>Username must be at least 3 characters long</arg>
<status status="PASS" starttime="20231111 15:24:11.537" endtime="20231111 15:24:11.537"/>
</kw>
<status status="PASS" starttime="20231111 15:24:11.535" endtime="20231111 15:24:11.537"/>
</test>
<test id="s1-s2-t4" name="Register With Enough Long But Invalid Username And Valid Password" line="18">
<kw name="Input New Command And Create User" type="SETUP">
<kw name="Create User" library="AppLibrary">
<arg>kalle</arg>
<arg>kalle123</arg>
<status status="PASS" starttime="20231111 15:24:11.538" endtime="20231111 15:24:11.538"/>
</kw>
<kw name="Input New Command" library="resource">
<kw name="Input" library="AppLibrary">
<arg>new</arg>
<status status="PASS" starttime="20231111 15:24:11.538" endtime="20231111 15:24:11.538"/>
</kw>
<status status="PASS" starttime="20231111 15:24:11.538" endtime="20231111 15:24:11.538"/>
</kw>
<status status="PASS" starttime="20231111 15:24:11.538" endtime="20231111 15:24:11.538"/>
</kw>
<kw name="Input Credentials" library="resource">
<arg>invalid123</arg>
<arg>validpass123</arg>
<kw name="Input" library="AppLibrary">
<arg>${username}</arg>
<status status="PASS" starttime="20231111 15:24:11.538" endtime="20231111 15:24:11.539"/>
</kw>
<kw name="Input" library="AppLibrary">
<arg>${password}</arg>
<status status="PASS" starttime="20231111 15:24:11.539" endtime="20231111 15:24:11.539"/>
</kw>
<kw name="Run Application" library="AppLibrary">
<status status="PASS" starttime="20231111 15:24:11.539" endtime="20231111 15:24:11.539"/>
</kw>
<status status="PASS" starttime="20231111 15:24:11.538" endtime="20231111 15:24:11.539"/>
</kw>
<kw name="Output Should Contain" library="AppLibrary">
<arg>Username must contain only lowercase letters</arg>
<status status="PASS" starttime="20231111 15:24:11.539" endtime="20231111 15:24:11.539"/>
</kw>
<status status="PASS" starttime="20231111 15:24:11.537" endtime="20231111 15:24:11.539"/>
</test>
<test id="s1-s2-t5" name="Register With Valid Username And Too Short Password" line="22">
<kw name="Input New Command And Create User" type="SETUP">
<kw name="Create User" library="AppLibrary">
<arg>kalle</arg>
<arg>kalle123</arg>
<status status="PASS" starttime="20231111 15:24:11.540" endtime="20231111 15:24:11.540"/>
</kw>
<kw name="Input New Command" library="resource">
<kw name="Input" library="AppLibrary">
<arg>new</arg>
<status status="PASS" starttime="20231111 15:24:11.540" endtime="20231111 15:24:11.540"/>
</kw>
<status status="PASS" starttime="20231111 15:24:11.540" endtime="20231111 15:24:11.540"/>
</kw>
<status status="PASS" starttime="20231111 15:24:11.539" endtime="20231111 15:24:11.540"/>
</kw>
<kw name="Input Credentials" library="resource">
<arg>validuser</arg>
<arg>short</arg>
<kw name="Input" library="AppLibrary">
<arg>${username}</arg>
<status status="PASS" starttime="20231111 15:24:11.540" endtime="20231111 15:24:11.540"/>
</kw>
<kw name="Input" library="AppLibrary">
<arg>${password}</arg>
<status status="PASS" starttime="20231111 15:24:11.540" endtime="20231111 15:24:11.541"/>
</kw>
<kw name="Run Application" library="AppLibrary">
<status status="PASS" starttime="20231111 15:24:11.541" endtime="20231111 15:24:11.541"/>
</kw>
<status status="PASS" starttime="20231111 15:24:11.540" endtime="20231111 15:24:11.541"/>
</kw>
<kw name="Output Should Contain" library="AppLibrary">
<arg>Password must be at least 8 characters long</arg>
<status status="PASS" starttime="20231111 15:24:11.541" endtime="20231111 15:24:11.541"/>
</kw>
<status status="PASS" starttime="20231111 15:24:11.539" endtime="20231111 15:24:11.541"/>
</test>
<test id="s1-s2-t6" name="Register With Valid Username And Long Enough Password Containing Only Letters" line="26">
<kw name="Input New Command And Create User" type="SETUP">
<kw name="Create User" library="AppLibrary">
<arg>kalle</arg>
<arg>kalle123</arg>
<status status="PASS" starttime="20231111 15:24:11.542" endtime="20231111 15:24:11.542"/>
</kw>
<kw name="Input New Command" library="resource">
<kw name="Input" library="AppLibrary">
<arg>new</arg>
<status status="PASS" starttime="20231111 15:24:11.542" endtime="20231111 15:24:11.542"/>
</kw>
<status status="PASS" starttime="20231111 15:24:11.542" endtime="20231111 15:24:11.542"/>
</kw>
<status status="PASS" starttime="20231111 15:24:11.541" endtime="20231111 15:24:11.542"/>
</kw>
<kw name="Input Credentials" library="resource">
<arg>validuser</arg>
<arg>onlyletters</arg>
<kw name="Input" library="AppLibrary">
<arg>${username}</arg>
<status status="PASS" starttime="20231111 15:24:11.542" endtime="20231111 15:24:11.542"/>
</kw>
<kw name="Input" library="AppLibrary">
<arg>${password}</arg>
<status status="PASS" starttime="20231111 15:24:11.543" endtime="20231111 15:24:11.543"/>
</kw>
<kw name="Run Application" library="AppLibrary">
<status status="PASS" starttime="20231111 15:24:11.543" endtime="20231111 15:24:11.543"/>
</kw>
<status status="PASS" starttime="20231111 15:24:11.542" endtime="20231111 15:24:11.543"/>
</kw>
<kw name="Output Should Contain" library="AppLibrary">
<arg>Password cannot consist only of letters</arg>
<status status="PASS" starttime="20231111 15:24:11.543" endtime="20231111 15:24:11.543"/>
</kw>
<status status="PASS" starttime="20231111 15:24:11.541" endtime="20231111 15:24:11.543"/>
</test>
<status status="PASS" starttime="20231111 15:24:11.529" endtime="20231111 15:24:11.543"/>
</suite>
<status status="PASS" starttime="20231111 15:24:11.503" endtime="20231111 15:24:11.544"/>
</suite>
<statistics>
<total>
<stat pass="9" fail="0" skip="0">All Tests</stat>
</total>
<tag>
</tag>
<suite>
<stat pass="9" fail="0" skip="0" id="s1" name="Tests">Tests</stat>
<stat pass="3" fail="0" skip="0" id="s1-s1" name="Login">Tests.Login</stat>
<stat pass="6" fail="0" skip="0" id="s1-s2" name="Register">Tests.Register</stat>
</suite>
</statistics>
<errors>
</errors>
</robot>
